<?xml version="1.0" encoding="UTF-8"?>
<!-- Generated by org.testng.reporters.JUnitReportReporter -->
<testsuite skipped="0" hostname="SUBASISH" name="com.comcast.contactTest.ContactTest" tests="1" failures="0" timestamp="26 Sep 2021 05:07:04 GMT" time="0.000" errors="0">
  <testcase name="createContactTest" time="0.000" classname="com.comcast.contactTest.ContactTest"/>
</testsuite> <!-- com.comcast.contactTest.ContactTest -->
