<?xml version="1.0" encoding="UTF-8"?>
<!-- Generated by org.testng.reporters.JUnitReportReporter -->
<testsuite skipped="0" hostname="SUBASISH" name="com.comcast.orgTest.OrgTest" tests="1" failures="0" timestamp="26 Sep 2021 05:07:04 GMT" time="0.029" errors="0">
  <testcase name="createOrgTest" time="0.029" classname="com.comcast.orgTest.OrgTest"/>
</testsuite> <!-- com.comcast.orgTest.OrgTest -->
